{"/home/nika/Документы/nika-the-top/vv_work/src/hooks/useAsyncData.ts": {"path":"/home/nika/Документы/nika-the-top/vv_work/src/hooks/useAsyncData.ts","statementMap":{"0":{"start":{"line":3,"column":15},"end":{"line":7,"column":null}},"1":{"start":{"line":12,"column":30},"end":{"line":12,"column":null}},"2":{"start":{"line":13,"column":26},"end":{"line":13,"column":null}},"3":{"start":{"line":14,"column":28},"end":{"line":14,"column":null}},"4":{"start":{"line":16,"column":15},"end":{"line":26,"column":null}},"5":{"start":{"line":17,"column":4},"end":{"line":25,"column":null}},"6":{"start":{"line":19,"column":8},"end":{"line":19,"column":null}},"7":{"start":{"line":20,"column":8},"end":{"line":20,"column":null}},"8":{"start":{"line":23,"column":8},"end":{"line":23,"column":null}},"9":{"start":{"line":24,"column":8},"end":{"line":24,"column":null}},"10":{"start":{"line":28,"column":2},"end":{"line":30,"column":null}},"11":{"start":{"line":29,"column":4},"end":{"line":29,"column":null}},"12":{"start":{"line":33,"column":4},"end":{"line":33,"column":null}},"13":{"start":{"line":34,"column":4},"end":{"line":34,"column":null}},"14":{"start":{"line":35,"column":4},"end":{"line":35,"column":null}},"15":{"start":{"line":38,"column":2},"end":{"line":38,"column":null}}},"fnMap":{"0":{"name":"useAsyncData","decl":{"start":{"line":11,"column":9},"end":{"line":11,"column":25}},"loc":{"start":{"line":11,"column":52},"end":{"line":39,"column":null}},"line":11},"1":{"name":"(anonymous_1)","decl":{"start":{"line":16,"column":15},"end":{"line":16,"column":33}},"loc":{"start":{"line":16,"column":33},"end":{"line":26,"column":5}},"line":16},"2":{"name":"(anonymous_2)","decl":{"start":{"line":18,"column":7},"end":{"line":18,"column":12}},"loc":{"start":{"line":18,"column":22},"end":{"line":21,"column":7}},"line":18},"3":{"name":"(anonymous_3)","decl":{"start":{"line":22,"column":7},"end":{"line":22,"column":13}},"loc":{"start":{"line":22,"column":20},"end":{"line":25,"column":7}},"line":22},"4":{"name":"(anonymous_4)","decl":{"start":{"line":28,"column":2},"end":{"line":28,"column":18}},"loc":{"start":{"line":28,"column":18},"end":{"line":30,"column":5}},"line":28},"5":{"name":"refetch","decl":{"start":{"line":32,"column":11},"end":{"line":32,"column":21}},"loc":{"start":{"line":32,"column":21},"end":{"line":36,"column":null}},"line":32}},"branchMap":{},"s":{"0":1,"1":8,"2":8,"3":8,"4":8,"5":5,"6":2,"7":2,"8":2,"9":2,"10":8,"11":4,"12":1,"13":1,"14":1,"15":8},"f":{"0":8,"1":5,"2":2,"3":2,"4":4,"5":1},"b":{},"meta":{"lastBranch":0,"lastFunction":6,"lastStatement":16,"seen":{"s:3:15:7:Infinity":0,"f:11:9:11:25":0,"s:12:30:12:Infinity":1,"s:13:26:13:Infinity":2,"s:14:28:14:Infinity":3,"s:16:15:26:Infinity":4,"f:16:15:16:33":1,"s:17:4:25:Infinity":5,"f:18:7:18:12":2,"s:19:8:19:Infinity":6,"s:20:8:20:Infinity":7,"f:22:7:22:13":3,"s:23:8:23:Infinity":8,"s:24:8:24:Infinity":9,"s:28:2:30:Infinity":10,"f:28:2:28:18":4,"s:29:4:29:Infinity":11,"f:32:11:32:21":5,"s:33:4:33:Infinity":12,"s:34:4:34:Infinity":13,"s:35:4:35:Infinity":14,"s:38:2:38:Infinity":15},"fnNames":{}}}
,"/home/nika/Документы/nika-the-top/vv_work/src/hooks/useDebounce.ts": {"path":"/home/nika/Документы/nika-the-top/vv_work/src/hooks/useDebounce.ts","statementMap":{"0":{"start":{"line":4,"column":46},"end":{"line":4,"column":null}},"1":{"start":{"line":6,"column":2},"end":{"line":14,"column":null}},"2":{"start":{"line":7,"column":20},"end":{"line":9,"column":null}},"3":{"start":{"line":8,"column":6},"end":{"line":8,"column":null}},"4":{"start":{"line":11,"column":4},"end":{"line":13,"column":null}},"5":{"start":{"line":12,"column":6},"end":{"line":12,"column":null}},"6":{"start":{"line":16,"column":2},"end":{"line":16,"column":null}}},"fnMap":{"0":{"name":"useDebounce","decl":{"start":{"line":3,"column":9},"end":{"line":3,"column":24}},"loc":{"start":{"line":3,"column":52},"end":{"line":17,"column":null}},"line":3},"1":{"name":"(anonymous_1)","decl":{"start":{"line":6,"column":2},"end":{"line":6,"column":18}},"loc":{"start":{"line":6,"column":18},"end":{"line":14,"column":5}},"line":6},"2":{"name":"(anonymous_2)","decl":{"start":{"line":7,"column":20},"end":{"line":7,"column":37}},"loc":{"start":{"line":7,"column":37},"end":{"line":9,"column":7}},"line":7},"3":{"name":"(anonymous_3)","decl":{"start":{"line":11,"column":4},"end":{"line":11,"column":17}},"loc":{"start":{"line":11,"column":17},"end":{"line":13,"column":null}},"line":11}},"branchMap":{},"s":{"0":10,"1":10,"2":8,"3":2,"4":8,"5":8,"6":10},"f":{"0":10,"1":8,"2":2,"3":8},"b":{},"meta":{"lastBranch":0,"lastFunction":4,"lastStatement":7,"seen":{"f:3:9:3:24":0,"s:4:46:4:Infinity":0,"s:6:2:14:Infinity":1,"f:6:2:6:18":1,"s:7:20:9:Infinity":2,"f:7:20:7:37":2,"s:8:6:8:Infinity":3,"s:11:4:13:Infinity":4,"f:11:4:11:17":3,"s:12:6:12:Infinity":5,"s:16:2:16:Infinity":6},"fnNames":{}}}
,"/home/nika/Документы/nika-the-top/vv_work/src/utils/validators.ts": {"path":"/home/nika/Документы/nika-the-top/vv_work/src/utils/validators.ts","statementMap":{"0":{"start":{"line":2,"column":18},"end":{"line":2,"column":null}},"1":{"start":{"line":4,"column":2},"end":{"line":6,"column":null}},"2":{"start":{"line":5,"column":4},"end":{"line":5,"column":null}},"3":{"start":{"line":7,"column":2},"end":{"line":7,"column":null}},"4":{"start":{"line":10,"column":21},"end":{"line":10,"column":null}},"5":{"start":{"line":11,"column":24},"end":{"line":11,"column":null}},"6":{"start":{"line":14,"column":18},"end":{"line":14,"column":null}},"7":{"start":{"line":15,"column":18},"end":{"line":15,"column":null}},"8":{"start":{"line":16,"column":21},"end":{"line":16,"column":null}},"9":{"start":{"line":18,"column":2},"end":{"line":20,"column":null}},"10":{"start":{"line":19,"column":4},"end":{"line":19,"column":null}},"11":{"start":{"line":21,"column":2},"end":{"line":21,"column":null}},"12":{"start":{"line":25,"column":18},"end":{"line":25,"column":null}},"13":{"start":{"line":27,"column":2},"end":{"line":29,"column":null}},"14":{"start":{"line":28,"column":4},"end":{"line":28,"column":null}},"15":{"start":{"line":31,"column":2},"end":{"line":31,"column":null}}},"fnMap":{"0":{"name":"validateName","decl":{"start":{"line":1,"column":16},"end":{"line":1,"column":29}},"loc":{"start":{"line":1,"column":44},"end":{"line":8,"column":null}},"line":1},"1":{"name":"validatePhoneOrTelegram","decl":{"start":{"line":13,"column":16},"end":{"line":13,"column":40}},"loc":{"start":{"line":13,"column":55},"end":{"line":22,"column":null}},"line":13},"2":{"name":"validateMessage","decl":{"start":{"line":24,"column":16},"end":{"line":24,"column":32}},"loc":{"start":{"line":24,"column":47},"end":{"line":32,"column":null}},"line":24}},"branchMap":{"0":{"loc":{"start":{"line":4,"column":2},"end":{"line":6,"column":null}},"type":"if","locations":[{"start":{"line":4,"column":2},"end":{"line":6,"column":null}},{"start":{},"end":{}}],"line":4},"1":{"loc":{"start":{"line":18,"column":2},"end":{"line":20,"column":null}},"type":"if","locations":[{"start":{"line":18,"column":2},"end":{"line":20,"column":null}},{"start":{},"end":{}}],"line":18},"2":{"loc":{"start":{"line":18,"column":6},"end":{"line":18,"column":29}},"type":"binary-expr","locations":[{"start":{"line":18,"column":6},"end":{"line":18,"column":17}},{"start":{"line":18,"column":17},"end":{"line":18,"column":29}}],"line":18},"3":{"loc":{"start":{"line":27,"column":2},"end":{"line":29,"column":null}},"type":"if","locations":[{"start":{"line":27,"column":2},"end":{"line":29,"column":null}},{"start":{},"end":{}}],"line":27}},"s":{"0":3,"1":3,"2":1,"3":2,"4":1,"5":1,"6":4,"7":4,"8":4,"9":4,"10":2,"11":2,"12":3,"13":3,"14":2,"15":1},"f":{"0":3,"1":4,"2":3},"b":{"0":[1,2],"1":[2,2],"2":[4,3],"3":[2,1]},"meta":{"lastBranch":4,"lastFunction":3,"lastStatement":16,"seen":{"f:1:16:1:29":0,"s:2:18:2:Infinity":0,"b:4:2:6:Infinity:undefined:undefined:undefined:undefined":0,"s:4:2:6:Infinity":1,"s:5:4:5:Infinity":2,"s:7:2:7:Infinity":3,"s:10:21:10:Infinity":4,"s:11:24:11:Infinity":5,"f:13:16:13:40":1,"s:14:18:14:Infinity":6,"s:15:18:15:Infinity":7,"s:16:21:16:Infinity":8,"b:18:2:20:Infinity:undefined:undefined:undefined:undefined":1,"s:18:2:20:Infinity":9,"b:18:6:18:17:18:17:18:29":2,"s:19:4:19:Infinity":10,"s:21:2:21:Infinity":11,"f:24:16:24:32":2,"s:25:18:25:Infinity":12,"b:27:2:29:Infinity:undefined:undefined:undefined:undefined":3,"s:27:2:29:Infinity":13,"s:28:4:28:Infinity":14,"s:31:2:31:Infinity":15},"fnNames":{}}}
}
